#! /usr/bin/vvp
:ivl_version "12.0 (stable)";
:ivl_delay_selection "TYPICAL";
:vpi_time_precision + 0;
:vpi_module "/usr/lib64/ivl/system.vpi";
:vpi_module "/usr/lib64/ivl/vhdl_sys.vpi";
:vpi_module "/usr/lib64/ivl/vhdl_textio.vpi";
:vpi_module "/usr/lib64/ivl/v2005_math.vpi";
:vpi_module "/usr/lib64/ivl/va_math.vpi";
S_0x56341f0eca10 .scope module, "Decoder" "Decoder" 2 33;
 .timescale 0 0;
    .port_info 0 /INPUT 5 "code";
    .port_info 1 /OUTPUT 32 "decoded";
    .port_info 2 /INPUT 1 "clock";
o0x7f5557eaf018 .functor BUFZ 1, C4<z>; HiZ drive
v0x56341f0fa670_0 .net "clock", 0 0, o0x7f5557eaf018;  0 drivers
o0x7f5557eaf048 .functor BUFZ 5, C4<zzzzz>; HiZ drive
v0x56341f0fc140_0 .net "code", 4 0, o0x7f5557eaf048;  0 drivers
v0x56341f0fdb10_0 .var "decoded", 31 0;
v0x56341f0fded0_0 .var/i "i", 31 0;
E_0x56341f0b5df0 .event posedge, v0x56341f0fa670_0;
S_0x56341f1005e0 .scope module, "instruction_memory" "instruction_memory" 2 149;
 .timescale 0 0;
    .port_info 0 /INPUT 32 "PC";
    .port_info 1 /OUTPUT 32 "out";
    .port_info 2 /INPUT 1 "clock";
o0x7f5557eaf3a8 .functor BUFZ 32, C4<zzzzzzzzzzzzzzzzzzzzzzzzzzzzzzzz>; HiZ drive
v0x56341f11abf0_0 .net "PC", 31 0, o0x7f5557eaf3a8;  0 drivers
L_0x7f55578cf018 .functor BUFT 1, C4<00000000000000000000000000>, C4<0>, C4<0>, C4<0>;
v0x56341f11acf0_0 .net/2u *"_ivl_2", 25 0, L_0x7f55578cf018;  1 drivers
o0x7f5557eaf1f8 .functor BUFZ 1, C4<z>; HiZ drive
v0x56341f11add0_0 .net "clock", 0 0, o0x7f5557eaf1f8;  0 drivers
v0x56341f11ae70_0 .net "out", 31 0, v0x56341f11a990_0;  1 drivers
v0x56341f11af10_0 .net "word_index", 5 0, L_0x56341f1219d0;  1 drivers
L_0x56341f1219d0 .part o0x7f5557eaf3a8, 2, 6;
L_0x56341f131b10 .concat [ 6 26 0 0], L_0x56341f1219d0, L_0x7f55578cf018;
S_0x56341f11a320 .scope module, "instruction_storage" "SRAM" 2 157, 2 119 0, S_0x56341f1005e0;
 .timescale 0 0;
    .port_info 0 /INPUT 32 "address";
    .port_info 1 /OUTPUT 32 "dout";
    .port_info 2 /INPUT 32 "din";
    .port_info 3 /INPUT 1 "MemWrite";
    .port_info 4 /INPUT 1 "MemRead";
    .port_info 5 /INPUT 1 "clock";
L_0x7f55578cf0f0 .functor BUFT 1, C4<1>, C4<0>, C4<0>, C4<0>;
v0x56341f11a540_0 .net "MemRead", 0 0, L_0x7f55578cf0f0;  1 drivers
L_0x7f55578cf0a8 .functor BUFT 1, C4<0>, C4<0>, C4<0>, C4<0>;
v0x56341f11a620_0 .net "MemWrite", 0 0, L_0x7f55578cf0a8;  1 drivers
v0x56341f11a6e0_0 .net "address", 31 0, L_0x56341f131b10;  1 drivers
v0x56341f11a7a0_0 .net "clock", 0 0, o0x7f5557eaf1f8;  alias, 0 drivers
L_0x7f55578cf060 .functor BUFT 1, C4<00000000000000000000000000000000>, C4<0>, C4<0>, C4<0>;
v0x56341f11a860_0 .net "din", 31 0, L_0x7f55578cf060;  1 drivers
v0x56341f11a990_0 .var "dout", 31 0;
v0x56341f11aa70 .array "memory", 1023 0, 31 0;
E_0x56341f0a0670 .event posedge, v0x56341f11a7a0_0;
S_0x56341f0ebda0 .scope module, "testCPU" "testCPU" 2 424;
 .timescale 0 0;
v0x56341f121820_0 .var "clock", 0 0;
v0x56341f1218c0_0 .var "reset", 0 0;
S_0x56341f11b080 .scope module, "cpu" "Multicycle_CPU" 2 429, 2 316 0, S_0x56341f0ebda0;
 .timescale 0 0;
    .port_info 0 /INPUT 1 "clock";
    .port_info 1 /INPUT 1 "reset";
v0x56341f11f9c0_0 .net "A", 31 0, L_0x56341f1329a0;  1 drivers
v0x56341f11fad0_0 .net "ALUControlOut", 3 0, v0x56341f11bf70_0;  1 drivers
v0x56341f11fb70_0 .net "ALUOp", 1 0, v0x56341f11cdd0_0;  1 drivers
v0x56341f11fc10_0 .var "ALUOut", 31 0;
v0x56341f11fcf0_0 .net "ALUSrcA", 0 0, v0x56341f11cee0_0;  1 drivers
v0x56341f11fde0_0 .net "ALUSrcB", 1 0, v0x56341f11cf80_0;  1 drivers
v0x56341f11fe80_0 .net "ALUresult", 31 0, v0x56341f11bab0_0;  1 drivers
v0x56341f11ff50_0 .net "Address", 31 0, L_0x56341f131ce0;  1 drivers
v0x56341f120020_0 .var "B", 31 0;
v0x56341f1200f0_0 .net "IRWrite", 0 0, v0x56341f11d070_0;  1 drivers
v0x56341f1201c0_0 .var "Instruction", 31 0;
v0x56341f120260_0 .net "IorD", 0 0, v0x56341f11d130_0;  1 drivers
v0x56341f120330_0 .net "MemRead", 0 0, v0x56341f11d240_0;  1 drivers
v0x56341f1203d0_0 .net "MemWrite", 0 0, v0x56341f11d300_0;  1 drivers
v0x56341f1204c0_0 .net "MemoryData", 31 0, v0x56341f11e580_0;  1 drivers
v0x56341f120560_0 .net "MemtoReg", 0 0, v0x56341f11d3c0_0;  1 drivers
v0x56341f120600_0 .var "PC", 31 0;
v0x56341f1206a0_0 .net "PCSource", 1 0, v0x56341f11d560_0;  1 drivers
v0x56341f120790_0 .net "PCWrite", 0 0, v0x56341f11d640_0;  1 drivers
v0x56341f120860_0 .net "PCWriteCond", 0 0, v0x56341f11d700_0;  1 drivers
v0x56341f120930_0 .net "ReadData1", 31 0, L_0x56341f0fc080;  1 drivers
v0x56341f120a00_0 .net "ReadData2", 31 0, L_0x56341f0fd9f0;  1 drivers
v0x56341f120af0_0 .net "RegDst", 0 0, v0x56341f11d7c0_0;  1 drivers
v0x56341f120b90_0 .net "RegWrite", 0 0, v0x56341f11d880_0;  1 drivers
v0x56341f120c80_0 .net "WriteData", 31 0, L_0x56341f131e20;  1 drivers
v0x56341f120d20_0 .net "WriteRegister", 4 0, L_0x56341f132810;  1 drivers
v0x56341f120df0_0 .net *"_ivl_13", 4 0, L_0x56341f132680;  1 drivers
v0x56341f120e90_0 .net *"_ivl_15", 4 0, L_0x56341f132720;  1 drivers
v0x56341f120f50_0 .net *"_ivl_5", 0 0, L_0x56341f132000;  1 drivers
v0x56341f121030_0 .net *"_ivl_6", 15 0, L_0x56341f1320a0;  1 drivers
v0x56341f121110_0 .net *"_ivl_9", 15 0, L_0x56341f132460;  1 drivers
v0x56341f1211f0_0 .net "clock", 0 0, v0x56341f121820_0;  1 drivers
v0x56341f121290_0 .var "jumpaddress", 31 0;
v0x56341f121580_0 .net "reset", 0 0, v0x56341f1218c0_0;  1 drivers
v0x56341f121650_0 .net "signextended", 31 0, L_0x56341f132500;  1 drivers
v0x56341f121710_0 .net "zero", 0 0, L_0x56341f133450;  1 drivers
E_0x56341f1001c0/0 .event anyedge, v0x56341f11d560_0, v0x56341f11bab0_0, v0x56341f11fc10_0, v0x56341f120600_0;
E_0x56341f1001c0/1 .event anyedge, v0x56341f1201c0_0;
E_0x56341f1001c0 .event/or E_0x56341f1001c0/0, E_0x56341f1001c0/1;
E_0x56341f100200 .event anyedge, v0x56341f11cf80_0, v0x56341f11e470_0, v0x56341f121650_0;
L_0x56341f131ce0 .functor MUXZ 32, v0x56341f120600_0, v0x56341f11fc10_0, v0x56341f11d130_0, C4<>;
L_0x56341f131e20 .functor MUXZ 32, v0x56341f11fc10_0, v0x56341f11e580_0, v0x56341f11d3c0_0, C4<>;
L_0x56341f132000 .part v0x56341f1201c0_0, 15, 1;
LS_0x56341f1320a0_0_0 .concat [ 1 1 1 1], L_0x56341f132000, L_0x56341f132000, L_0x56341f132000, L_0x56341f132000;
LS_0x56341f1320a0_0_4 .concat [ 1 1 1 1], L_0x56341f132000, L_0x56341f132000, L_0x56341f132000, L_0x56341f132000;
LS_0x56341f1320a0_0_8 .concat [ 1 1 1 1], L_0x56341f132000, L_0x56341f132000, L_0x56341f132000, L_0x56341f132000;
LS_0x56341f1320a0_0_12 .concat [ 1 1 1 1], L_0x56341f132000, L_0x56341f132000, L_0x56341f132000, L_0x56341f132000;
L_0x56341f1320a0 .concat [ 4 4 4 4], LS_0x56341f1320a0_0_0, LS_0x56341f1320a0_0_4, LS_0x56341f1320a0_0_8, LS_0x56341f1320a0_0_12;
L_0x56341f132460 .part v0x56341f1201c0_0, 0, 16;
L_0x56341f132500 .concat [ 16 16 0 0], L_0x56341f132460, L_0x56341f1320a0;
L_0x56341f132680 .part v0x56341f1201c0_0, 11, 5;
L_0x56341f132720 .part v0x56341f1201c0_0, 16, 5;
L_0x56341f132810 .functor MUXZ 5, L_0x56341f132720, L_0x56341f132680, v0x56341f11d7c0_0, C4<>;
L_0x56341f1329a0 .functor MUXZ 32, v0x56341f120600_0, L_0x56341f0fc080, v0x56341f11cee0_0, C4<>;
L_0x56341f132b90 .part v0x56341f1201c0_0, 26, 6;
L_0x56341f1330e0 .part v0x56341f1201c0_0, 21, 5;
L_0x56341f133240 .part v0x56341f1201c0_0, 16, 5;
L_0x56341f133330 .part v0x56341f1201c0_0, 0, 6;
S_0x56341f11b2c0 .scope module, "alu" "ALU" 2 418, 2 1 0, S_0x56341f11b080;
 .timescale 0 0;
    .port_info 0 /INPUT 32 "a";
    .port_info 1 /INPUT 32 "b";
    .port_info 2 /INPUT 4 "op";
    .port_info 3 /OUTPUT 32 "result";
    .port_info 4 /OUTPUT 1 "zero";
    .port_info 5 /INPUT 1 "clock";
L_0x7f55578cf1c8 .functor BUFT 1, C4<00000000000000000000000000000000>, C4<0>, C4<0>, C4<0>;
v0x56341f11b620_0 .net/2u *"_ivl_0", 31 0, L_0x7f55578cf1c8;  1 drivers
v0x56341f11b720_0 .net "a", 31 0, L_0x56341f1329a0;  alias, 1 drivers
v0x56341f11b800_0 .net "b", 31 0, v0x56341f120020_0;  1 drivers
v0x56341f11b8c0_0 .net "clock", 0 0, v0x56341f121820_0;  alias, 1 drivers
v0x56341f11b980_0 .net "op", 3 0, v0x56341f11bf70_0;  alias, 1 drivers
v0x56341f11bab0_0 .var "result", 31 0;
v0x56341f11bb90_0 .net "zero", 0 0, L_0x56341f133450;  alias, 1 drivers
E_0x56341f11b5a0 .event anyedge, v0x56341f11b980_0, v0x56341f11b720_0, v0x56341f11b800_0;
L_0x56341f133450 .cmp/eq 32, v0x56341f11bab0_0, L_0x7f55578cf1c8;
S_0x56341f11bd50 .scope module, "alucontrol" "ALUControl" 2 414, 2 289 0, S_0x56341f11b080;
 .timescale 0 0;
    .port_info 0 /INPUT 2 "ALUOp";
    .port_info 1 /INPUT 6 "Funct";
    .port_info 2 /OUTPUT 4 "ALUControlOut";
    .port_info 3 /INPUT 1 "clock";
v0x56341f11bf70_0 .var "ALUControlOut", 3 0;
v0x56341f11c050_0 .net "ALUOp", 1 0, v0x56341f11cdd0_0;  alias, 1 drivers
v0x56341f11c110_0 .net "Funct", 5 0, L_0x56341f133330;  1 drivers
v0x56341f11c200_0 .net "clock", 0 0, v0x56341f121820_0;  alias, 1 drivers
E_0x56341f11b4c0 .event anyedge, v0x56341f11c050_0, v0x56341f11c110_0;
S_0x56341f11c360 .scope module, "control" "Control" 2 400, 2 168 0, S_0x56341f11b080;
 .timescale 0 0;
    .port_info 0 /INPUT 6 "Opcode";
    .port_info 1 /OUTPUT 1 "PCWriteCond";
    .port_info 2 /OUTPUT 1 "PCWrite";
    .port_info 3 /OUTPUT 1 "IorD";
    .port_info 4 /OUTPUT 1 "MemRead";
    .port_info 5 /OUTPUT 1 "MemWrite";
    .port_info 6 /OUTPUT 1 "MemtoReg";
    .port_info 7 /OUTPUT 1 "IRWrite";
    .port_info 8 /OUTPUT 2 "PCSource";
    .port_info 9 /OUTPUT 2 "ALUOp";
    .port_info 10 /OUTPUT 1 "ALUSrcA";
    .port_info 11 /OUTPUT 2 "ALUSrcB";
    .port_info 12 /OUTPUT 1 "RegWrite";
    .port_info 13 /OUTPUT 1 "RegDst";
    .port_info 14 /INPUT 1 "reset";
    .port_info 15 /INPUT 1 "clock";
P_0x56341f11c540 .param/l "BEQ_STATE" 1 2 179, C4<1000>;
P_0x56341f11c580 .param/l "DECODE" 1 2 178, C4<0001>;
P_0x56341f11c5c0 .param/l "EXEC" 1 2 179, C4<0110>;
P_0x56341f11c600 .param/l "FETCH" 1 2 178, C4<0000>;
P_0x56341f11c640 .param/l "J_STATE" 1 2 180, C4<1001>;
P_0x56341f11c680 .param/l "MEM_ADR" 1 2 178, C4<0010>;
P_0x56341f11c6c0 .param/l "MEM_RD" 1 2 178, C4<0011>;
P_0x56341f11c700 .param/l "MEM_WB" 1 2 179, C4<0100>;
P_0x56341f11c740 .param/l "R_TYPE" 1 2 179, C4<0111>;
v0x56341f11cdd0_0 .var "ALUOp", 1 0;
v0x56341f11cee0_0 .var "ALUSrcA", 0 0;
v0x56341f11cf80_0 .var "ALUSrcB", 1 0;
v0x56341f11d070_0 .var "IRWrite", 0 0;
v0x56341f11d130_0 .var "IorD", 0 0;
v0x56341f11d240_0 .var "MemRead", 0 0;
v0x56341f11d300_0 .var "MemWrite", 0 0;
v0x56341f11d3c0_0 .var "MemtoReg", 0 0;
v0x56341f11d480_0 .net "Opcode", 5 0, L_0x56341f132b90;  1 drivers
v0x56341f11d560_0 .var "PCSource", 1 0;
v0x56341f11d640_0 .var "PCWrite", 0 0;
v0x56341f11d700_0 .var "PCWriteCond", 0 0;
v0x56341f11d7c0_0 .var "RegDst", 0 0;
v0x56341f11d880_0 .var "RegWrite", 0 0;
v0x56341f11d940_0 .net "clock", 0 0, v0x56341f121820_0;  alias, 1 drivers
v0x56341f11d9e0_0 .var "next_state", 3 0;
v0x56341f11dac0_0 .net "reset", 0 0, v0x56341f1218c0_0;  alias, 1 drivers
v0x56341f11db80_0 .var "state", 3 0;
E_0x56341f11cd10 .event anyedge, v0x56341f11db80_0, v0x56341f11d480_0;
E_0x56341f11cd70 .event posedge, v0x56341f11dac0_0, v0x56341f11b8c0_0;
S_0x56341f11de60 .scope module, "memory" "SRAM" 2 395, 2 119 0, S_0x56341f11b080;
 .timescale 0 0;
    .port_info 0 /INPUT 32 "address";
    .port_info 1 /OUTPUT 32 "dout";
    .port_info 2 /INPUT 32 "din";
    .port_info 3 /INPUT 1 "MemWrite";
    .port_info 4 /INPUT 1 "MemRead";
    .port_info 5 /INPUT 1 "clock";
v0x56341f11e1a0_0 .net "MemRead", 0 0, v0x56341f11d240_0;  alias, 1 drivers
v0x56341f11e260_0 .net "MemWrite", 0 0, v0x56341f11d300_0;  alias, 1 drivers
v0x56341f11e300_0 .net "address", 31 0, L_0x56341f131ce0;  alias, 1 drivers
v0x56341f11e3d0_0 .net "clock", 0 0, v0x56341f121820_0;  alias, 1 drivers
v0x56341f11e470_0 .net "din", 31 0, L_0x56341f0fd9f0;  alias, 1 drivers
v0x56341f11e580_0 .var "dout", 31 0;
v0x56341f11e660 .array "memory", 1023 0, 31 0;
E_0x56341f11e120 .event posedge, v0x56341f11b8c0_0;
S_0x56341f11e820 .scope module, "register" "RegisterFile" 2 407, 2 53 0, S_0x56341f11b080;
 .timescale 0 0;
    .port_info 0 /INPUT 5 "read1";
    .port_info 1 /INPUT 5 "read2";
    .port_info 2 /INPUT 5 "write_register";
    .port_info 3 /INPUT 32 "write_data";
    .port_info 4 /OUTPUT 32 "read_data_1";
    .port_info 5 /OUTPUT 32 "read_data_2";
    .port_info 6 /INPUT 1 "reg_write";
    .port_info 7 /INPUT 1 "clock";
L_0x56341f0fc080 .functor BUFZ 32, L_0x56341f132c30, C4<00000000000000000000000000000000>, C4<00000000000000000000000000000000>, C4<00000000000000000000000000000000>;
L_0x56341f0fd9f0 .functor BUFZ 32, L_0x56341f132eb0, C4<00000000000000000000000000000000>, C4<00000000000000000000000000000000>, C4<00000000000000000000000000000000>;
v0x56341f11eb70 .array "RF", 0 31, 31 0;
v0x56341f11ec50_0 .net *"_ivl_0", 31 0, L_0x56341f132c30;  1 drivers
v0x56341f11ed30_0 .net *"_ivl_10", 6 0, L_0x56341f132f50;  1 drivers
L_0x7f55578cf180 .functor BUFT 1, C4<00>, C4<0>, C4<0>, C4<0>;
v0x56341f11edf0_0 .net *"_ivl_13", 1 0, L_0x7f55578cf180;  1 drivers
v0x56341f11eed0_0 .net *"_ivl_2", 6 0, L_0x56341f132cd0;  1 drivers
L_0x7f55578cf138 .functor BUFT 1, C4<00>, C4<0>, C4<0>, C4<0>;
v0x56341f11f000_0 .net *"_ivl_5", 1 0, L_0x7f55578cf138;  1 drivers
v0x56341f11f0e0_0 .net *"_ivl_8", 31 0, L_0x56341f132eb0;  1 drivers
v0x56341f11f1c0_0 .net "clock", 0 0, v0x56341f121820_0;  alias, 1 drivers
v0x56341f11f260_0 .var/i "i", 31 0;
v0x56341f11f340_0 .net "read1", 4 0, L_0x56341f1330e0;  1 drivers
v0x56341f11f420_0 .net "read2", 4 0, L_0x56341f133240;  1 drivers
v0x56341f11f500_0 .net "read_data_1", 31 0, L_0x56341f0fc080;  alias, 1 drivers
v0x56341f11f5e0_0 .net "read_data_2", 31 0, L_0x56341f0fd9f0;  alias, 1 drivers
v0x56341f11f6a0_0 .net "reg_write", 0 0, v0x56341f11d880_0;  alias, 1 drivers
v0x56341f11f740_0 .net "write_data", 31 0, L_0x56341f131e20;  alias, 1 drivers
v0x56341f11f7e0_0 .net "write_register", 4 0, L_0x56341f132810;  alias, 1 drivers
L_0x56341f132c30 .array/port v0x56341f11eb70, L_0x56341f132cd0;
L_0x56341f132cd0 .concat [ 5 2 0 0], L_0x56341f1330e0, L_0x7f55578cf138;
L_0x56341f132eb0 .array/port v0x56341f11eb70, L_0x56341f132f50;
L_0x56341f132f50 .concat [ 5 2 0 0], L_0x56341f133240, L_0x7f55578cf180;
    .scope S_0x56341f0eca10;
T_0 ;
    %wait E_0x56341f0b5df0;
    %pushi/vec4 0, 0, 32;
    %store/vec4 v0x56341f0fded0_0, 0, 32;
T_0.0 ;
    %load/vec4 v0x56341f0fded0_0;
    %cmpi/s 32, 0, 32;
    %jmp/0xz T_0.1, 5;
    %load/vec4 v0x56341f0fded0_0;
    %pushi/vec4 2, 0, 32;
    %mod/s;
    %cmpi/ne 0, 0, 32;
    %flag_get/vec4 4;
    %jmp/0 T_0.7, 4;
    %load/vec4 v0x56341f0fc140_0;
    %parti/s 1, 0, 2;
    %and;
T_0.7;
    %flag_set/vec4 11;
    %jmp/1 T_0.6, 11;
    %load/vec4 v0x56341f0fded0_0;
    %pushi/vec4 2, 0, 32;
    %mod/s;
    %nor/r;
    %flag_set/vec4 13;
    %flag_get/vec4 13;
    %jmp/0 T_0.8, 13;
    %load/vec4 v0x56341f0fc140_0;
    %parti/s 1, 0, 2;
    %nor/r;
    %and;
T_0.8;
    %flag_set/vec4 12;
    %flag_or 11, 12;
T_0.6;
    %flag_get/vec4 11;
    %jmp/0 T_0.5, 11;
    %load/vec4 v0x56341f0fded0_0;
    %pushi/vec4 2, 0, 32;
    %div/s;
    %pushi/vec4 2, 0, 32;
    %mod/s;
    %cmpi/ne 0, 0, 32;
    %flag_get/vec4 4;
    %jmp/0 T_0.10, 4;
    %load/vec4 v0x56341f0fc140_0;
    %parti/s 1, 1, 2;
    %and;
T_0.10;
    %flag_set/vec4 11;
    %flag_get/vec4 11;
    %jmp/1 T_0.9, 11;
    %load/vec4 v0x56341f0fded0_0;
    %pushi/vec4 2, 0, 32;
    %div/s;
    %pushi/vec4 2, 0, 32;
    %mod/s;
    %nor/r;
    %flag_set/vec4 11;
    %flag_get/vec4 11;
    %jmp/0 T_0.11, 11;
    %load/vec4 v0x56341f0fc140_0;
    %parti/s 1, 1, 2;
    %nor/r;
    %and;
T_0.11;
    %or;
T_0.9;
    %and;
T_0.5;
    %flag_set/vec4 10;
    %flag_get/vec4 10;
    %jmp/0 T_0.4, 10;
    %load/vec4 v0x56341f0fded0_0;
    %pushi/vec4 4, 0, 32;
    %div/s;
    %pushi/vec4 2, 0, 32;
    %mod/s;
    %cmpi/ne 0, 0, 32;
    %flag_get/vec4 4;
    %jmp/0 T_0.13, 4;
    %load/vec4 v0x56341f0fc140_0;
    %parti/s 1, 2, 3;
    %and;
T_0.13;
    %flag_set/vec4 10;
    %flag_get/vec4 10;
    %jmp/1 T_0.12, 10;
    %load/vec4 v0x56341f0fded0_0;
    %pushi/vec4 4, 0, 32;
    %div/s;
    %pushi/vec4 2, 0, 32;
    %mod/s;
    %nor/r;
    %flag_set/vec4 10;
    %flag_get/vec4 10;
    %jmp/0 T_0.14, 10;
    %load/vec4 v0x56341f0fc140_0;
    %parti/s 1, 2, 3;
    %nor/r;
    %and;
T_0.14;
    %or;
T_0.12;
    %and;
T_0.4;
    %flag_set/vec4 9;
    %flag_get/vec4 9;
    %jmp/0 T_0.3, 9;
    %load/vec4 v0x56341f0fded0_0;
    %pushi/vec4 8, 0, 32;
    %div/s;
    %pushi/vec4 2, 0, 32;
    %mod/s;
    %cmpi/ne 0, 0, 32;
    %flag_get/vec4 4;
    %jmp/0 T_0.16, 4;
    %load/vec4 v0x56341f0fc140_0;
    %parti/s 1, 3, 3;
    %and;
T_0.16;
    %flag_set/vec4 9;
    %flag_get/vec4 9;
    %jmp/1 T_0.15, 9;
    %load/vec4 v0x56341f0fded0_0;
    %pushi/vec4 8, 0, 32;
    %div/s;
    %pushi/vec4 2, 0, 32;
    %mod/s;
    %nor/r;
    %flag_set/vec4 9;
    %flag_get/vec4 9;
    %jmp/0 T_0.17, 9;
    %load/vec4 v0x56341f0fc140_0;
    %parti/s 1, 3, 3;
    %nor/r;
    %and;
T_0.17;
    %or;
T_0.15;
    %and;
T_0.3;
    %flag_set/vec4 8;
    %flag_get/vec4 8;
    %jmp/0 T_0.2, 8;
    %load/vec4 v0x56341f0fded0_0;
    %pushi/vec4 16, 0, 32;
    %div/s;
    %pushi/vec4 2, 0, 32;
    %mod/s;
    %cmpi/ne 0, 0, 32;
    %flag_get/vec4 4;
    %jmp/0 T_0.19, 4;
    %load/vec4 v0x56341f0fc140_0;
    %parti/s 1, 4, 4;
    %and;
T_0.19;
    %flag_set/vec4 8;
    %flag_get/vec4 8;
    %jmp/1 T_0.18, 8;
    %load/vec4 v0x56341f0fded0_0;
    %pushi/vec4 16, 0, 32;
    %div/s;
    %pushi/vec4 2, 0, 32;
    %mod/s;
    %nor/r;
    %flag_set/vec4 8;
    %flag_get/vec4 8;
    %jmp/0 T_0.20, 8;
    %load/vec4 v0x56341f0fc140_0;
    %parti/s 1, 4, 4;
    %nor/r;
    %and;
T_0.20;
    %or;
T_0.18;
    %and;
T_0.2;
    %ix/load 5, 0, 0;
    %ix/getv/s 4, v0x56341f0fded0_0;
    %assign/vec4/off/d v0x56341f0fdb10_0, 4, 5;
    %load/vec4 v0x56341f0fded0_0;
    %addi 1, 0, 32;
    %store/vec4 v0x56341f0fded0_0, 0, 32;
    %jmp T_0.0;
T_0.1 ;
    %jmp T_0;
    .thread T_0;
    .scope S_0x56341f11a320;
T_1 ;
    %vpi_call 2 133 "$readmemb", "test.mem", v0x56341f11aa70 {0 0 0};
    %vpi_call 2 134 "$display", "mem[0]=%b mem[1]=%b", &A<v0x56341f11aa70, 0>, &A<v0x56341f11aa70, 1> {0 0 0};
    %end;
    .thread T_1;
    .scope S_0x56341f11a320;
T_2 ;
    %wait E_0x56341f0a0670;
    %load/vec4 v0x56341f11a620_0;
    %flag_set/vec4 8;
    %jmp/0xz  T_2.0, 8;
    %load/vec4 v0x56341f11a860_0;
    %load/vec4 v0x56341f11a6e0_0;
    %parti/s 6, 2, 3;
    %pad/u 12;
    %ix/vec4 3;
    %ix/load 4, 0, 0; Constant delay
    %assign/vec4/a/d v0x56341f11aa70, 0, 4;
T_2.0 ;
    %load/vec4 v0x56341f11a540_0;
    %flag_set/vec4 8;
    %jmp/0xz  T_2.2, 8;
    %load/vec4 v0x56341f11a6e0_0;
    %parti/s 6, 2, 3;
    %pad/u 12;
    %ix/vec4 4;
    %load/vec4a v0x56341f11aa70, 4;
    %assign/vec4 v0x56341f11a990_0, 0;
T_2.2 ;
    %jmp T_2;
    .thread T_2;
    .scope S_0x56341f11de60;
T_3 ;
    %vpi_call 2 133 "$readmemb", "test.mem", v0x56341f11e660 {0 0 0};
    %vpi_call 2 134 "$display", "mem[0]=%b mem[1]=%b", &A<v0x56341f11e660, 0>, &A<v0x56341f11e660, 1> {0 0 0};
    %end;
    .thread T_3;
    .scope S_0x56341f11de60;
T_4 ;
    %wait E_0x56341f11e120;
    %load/vec4 v0x56341f11e260_0;
    %flag_set/vec4 8;
    %jmp/0xz  T_4.0, 8;
    %load/vec4 v0x56341f11e470_0;
    %load/vec4 v0x56341f11e300_0;
    %parti/s 6, 2, 3;
    %pad/u 12;
    %ix/vec4 3;
    %ix/load 4, 0, 0; Constant delay
    %assign/vec4/a/d v0x56341f11e660, 0, 4;
T_4.0 ;
    %load/vec4 v0x56341f11e1a0_0;
    %flag_set/vec4 8;
    %jmp/0xz  T_4.2, 8;
    %load/vec4 v0x56341f11e300_0;
    %parti/s 6, 2, 3;
    %pad/u 12;
    %ix/vec4 4;
    %load/vec4a v0x56341f11e660, 4;
    %assign/vec4 v0x56341f11e580_0, 0;
T_4.2 ;
    %jmp T_4;
    .thread T_4;
    .scope S_0x56341f11c360;
T_5 ;
    %wait E_0x56341f11cd70;
    %load/vec4 v0x56341f11dac0_0;
    %flag_set/vec4 8;
    %jmp/0xz  T_5.0, 8;
    %pushi/vec4 0, 0, 4;
    %assign/vec4 v0x56341f11db80_0, 0;
    %jmp T_5.1;
T_5.0 ;
    %load/vec4 v0x56341f11d9e0_0;
    %assign/vec4 v0x56341f11db80_0, 0;
T_5.1 ;
    %jmp T_5;
    .thread T_5;
    .scope S_0x56341f11c360;
T_6 ;
    %wait E_0x56341f11cd10;
    %pushi/vec4 0, 0, 5;
    %split/vec4 1;
    %store/vec4 v0x56341f11d130_0, 0, 1;
    %split/vec4 1;
    %store/vec4 v0x56341f11d3c0_0, 0, 1;
    %split/vec4 1;
    %store/vec4 v0x56341f11d300_0, 0, 1;
    %split/vec4 1;
    %store/vec4 v0x56341f11d240_0, 0, 1;
    %store/vec4 v0x56341f11cee0_0, 0, 1;
    %pushi/vec4 0, 0, 5;
    %split/vec4 1;
    %store/vec4 v0x56341f11d880_0, 0, 1;
    %split/vec4 1;
    %store/vec4 v0x56341f11d7c0_0, 0, 1;
    %split/vec4 1;
    %store/vec4 v0x56341f11d070_0, 0, 1;
    %split/vec4 1;
    %store/vec4 v0x56341f11d700_0, 0, 1;
    %store/vec4 v0x56341f11d640_0, 0, 1;
    %pushi/vec4 0, 0, 6;
    %split/vec4 2;
    %store/vec4 v0x56341f11d560_0, 0, 2;
    %split/vec4 2;
    %store/vec4 v0x56341f11cf80_0, 0, 2;
    %store/vec4 v0x56341f11cdd0_0, 0, 2;
    %pushi/vec4 0, 0, 4;
    %store/vec4 v0x56341f11d9e0_0, 0, 4;
    %load/vec4 v0x56341f11db80_0;
    %dup/vec4;
    %pushi/vec4 0, 0, 4;
    %cmp/u;
    %jmp/1 T_6.0, 6;
    %dup/vec4;
    %pushi/vec4 1, 0, 4;
    %cmp/u;
    %jmp/1 T_6.1, 6;
    %dup/vec4;
    %pushi/vec4 2, 0, 4;
    %cmp/u;
    %jmp/1 T_6.2, 6;
    %dup/vec4;
    %pushi/vec4 3, 0, 4;
    %cmp/u;
    %jmp/1 T_6.3, 6;
    %dup/vec4;
    %pushi/vec4 4, 0, 4;
    %cmp/u;
    %jmp/1 T_6.4, 6;
    %dup/vec4;
    %pushi/vec4 5, 0, 4;
    %cmp/u;
    %jmp/1 T_6.5, 6;
    %dup/vec4;
    %pushi/vec4 6, 0, 4;
    %cmp/u;
    %jmp/1 T_6.6, 6;
    %dup/vec4;
    %pushi/vec4 7, 0, 4;
    %cmp/u;
    %jmp/1 T_6.7, 6;
    %dup/vec4;
    %pushi/vec4 8, 0, 4;
    %cmp/u;
    %jmp/1 T_6.8, 6;
    %dup/vec4;
    %pushi/vec4 9, 0, 4;
    %cmp/u;
    %jmp/1 T_6.9, 6;
    %jmp T_6.10;
T_6.0 ;
    %pushi/vec4 1, 0, 1;
    %store/vec4 v0x56341f11d240_0, 0, 1;
    %pushi/vec4 0, 0, 1;
    %store/vec4 v0x56341f11d130_0, 0, 1;
    %pushi/vec4 1, 0, 1;
    %store/vec4 v0x56341f11d070_0, 0, 1;
    %pushi/vec4 1, 0, 2;
    %store/vec4 v0x56341f11cf80_0, 0, 2;
    %pushi/vec4 0, 0, 1;
    %store/vec4 v0x56341f11cee0_0, 0, 1;
    %pushi/vec4 0, 0, 2;
    %store/vec4 v0x56341f11cdd0_0, 0, 2;
    %pushi/vec4 1, 0, 1;
    %store/vec4 v0x56341f11d640_0, 0, 1;
    %pushi/vec4 0, 0, 2;
    %store/vec4 v0x56341f11d560_0, 0, 2;
    %pushi/vec4 1, 0, 4;
    %store/vec4 v0x56341f11d9e0_0, 0, 4;
    %jmp T_6.10;
T_6.1 ;
    %pushi/vec4 0, 0, 1;
    %store/vec4 v0x56341f11cee0_0, 0, 1;
    %pushi/vec4 3, 0, 2;
    %store/vec4 v0x56341f11cf80_0, 0, 2;
    %pushi/vec4 0, 0, 2;
    %store/vec4 v0x56341f11cdd0_0, 0, 2;
    %pushi/vec4 0, 0, 1;
    %store/vec4 v0x56341f11d880_0, 0, 1;
    %load/vec4 v0x56341f11d480_0;
    %cmpi/e 35, 0, 6;
    %jmp/1 T_6.13, 4;
    %flag_mov 8, 4;
    %load/vec4 v0x56341f11d480_0;
    %cmpi/e 43, 0, 6;
    %flag_or 4, 8;
T_6.13;
    %jmp/0xz  T_6.11, 4;
    %pushi/vec4 2, 0, 4;
    %store/vec4 v0x56341f11d9e0_0, 0, 4;
    %jmp T_6.12;
T_6.11 ;
    %load/vec4 v0x56341f11d480_0;
    %cmpi/e 0, 0, 6;
    %jmp/0xz  T_6.14, 4;
    %pushi/vec4 6, 0, 4;
    %store/vec4 v0x56341f11d9e0_0, 0, 4;
    %jmp T_6.15;
T_6.14 ;
    %load/vec4 v0x56341f11d480_0;
    %cmpi/e 4, 0, 6;
    %jmp/0xz  T_6.16, 4;
    %pushi/vec4 8, 0, 4;
    %store/vec4 v0x56341f11d9e0_0, 0, 4;
    %jmp T_6.17;
T_6.16 ;
    %load/vec4 v0x56341f11d480_0;
    %cmpi/e 2, 0, 6;
    %jmp/0xz  T_6.18, 4;
    %pushi/vec4 9, 0, 4;
    %store/vec4 v0x56341f11d9e0_0, 0, 4;
T_6.18 ;
T_6.17 ;
T_6.15 ;
T_6.12 ;
    %jmp T_6.10;
T_6.2 ;
    %pushi/vec4 2, 0, 2;
    %store/vec4 v0x56341f11cf80_0, 0, 2;
    %pushi/vec4 1, 0, 1;
    %store/vec4 v0x56341f11cee0_0, 0, 1;
    %pushi/vec4 0, 0, 2;
    %store/vec4 v0x56341f11cdd0_0, 0, 2;
    %load/vec4 v0x56341f11d480_0;
    %cmpi/e 35, 0, 6;
    %jmp/0xz  T_6.20, 4;
    %pushi/vec4 3, 0, 4;
    %store/vec4 v0x56341f11d9e0_0, 0, 4;
    %jmp T_6.21;
T_6.20 ;
    %pushi/vec4 5, 0, 4;
    %store/vec4 v0x56341f11d9e0_0, 0, 4;
T_6.21 ;
    %jmp T_6.10;
T_6.3 ;
    %pushi/vec4 1, 0, 1;
    %store/vec4 v0x56341f11d130_0, 0, 1;
    %pushi/vec4 1, 0, 1;
    %store/vec4 v0x56341f11d240_0, 0, 1;
    %pushi/vec4 4, 0, 4;
    %store/vec4 v0x56341f11d9e0_0, 0, 4;
    %jmp T_6.10;
T_6.4 ;
    %pushi/vec4 1, 0, 1;
    %store/vec4 v0x56341f11d880_0, 0, 1;
    %pushi/vec4 1, 0, 1;
    %store/vec4 v0x56341f11d3c0_0, 0, 1;
    %pushi/vec4 0, 0, 1;
    %store/vec4 v0x56341f11d7c0_0, 0, 1;
    %pushi/vec4 0, 0, 4;
    %store/vec4 v0x56341f11d9e0_0, 0, 4;
    %jmp T_6.10;
T_6.5 ;
    %pushi/vec4 1, 0, 1;
    %store/vec4 v0x56341f11d130_0, 0, 1;
    %pushi/vec4 1, 0, 1;
    %store/vec4 v0x56341f11d300_0, 0, 1;
    %pushi/vec4 0, 0, 4;
    %store/vec4 v0x56341f11d9e0_0, 0, 4;
    %jmp T_6.10;
T_6.6 ;
    %pushi/vec4 1, 0, 1;
    %store/vec4 v0x56341f11cee0_0, 0, 1;
    %pushi/vec4 0, 0, 2;
    %store/vec4 v0x56341f11cf80_0, 0, 2;
    %pushi/vec4 2, 0, 2;
    %store/vec4 v0x56341f11cdd0_0, 0, 2;
    %pushi/vec4 7, 0, 4;
    %store/vec4 v0x56341f11d9e0_0, 0, 4;
    %jmp T_6.10;
T_6.7 ;
    %pushi/vec4 0, 0, 1;
    %store/vec4 v0x56341f11d3c0_0, 0, 1;
    %pushi/vec4 1, 0, 1;
    %store/vec4 v0x56341f11d880_0, 0, 1;
    %pushi/vec4 1, 0, 1;
    %store/vec4 v0x56341f11d7c0_0, 0, 1;
    %pushi/vec4 0, 0, 4;
    %store/vec4 v0x56341f11d9e0_0, 0, 4;
    %jmp T_6.10;
T_6.8 ;
    %pushi/vec4 1, 0, 2;
    %store/vec4 v0x56341f11cdd0_0, 0, 2;
    %pushi/vec4 1, 0, 1;
    %store/vec4 v0x56341f11cee0_0, 0, 1;
    %pushi/vec4 0, 0, 2;
    %store/vec4 v0x56341f11cf80_0, 0, 2;
    %pushi/vec4 1, 0, 2;
    %store/vec4 v0x56341f11d560_0, 0, 2;
    %pushi/vec4 1, 0, 1;
    %store/vec4 v0x56341f11d700_0, 0, 1;
    %pushi/vec4 0, 0, 4;
    %store/vec4 v0x56341f11d9e0_0, 0, 4;
    %jmp T_6.10;
T_6.9 ;
    %pushi/vec4 2, 0, 2;
    %store/vec4 v0x56341f11d560_0, 0, 2;
    %pushi/vec4 1, 0, 1;
    %store/vec4 v0x56341f11d640_0, 0, 1;
    %pushi/vec4 0, 0, 4;
    %store/vec4 v0x56341f11d9e0_0, 0, 4;
    %jmp T_6.10;
T_6.10 ;
    %pop/vec4 1;
    %jmp T_6;
    .thread T_6, $push;
    .scope S_0x56341f11e820;
T_7 ;
    %pushi/vec4 0, 0, 32;
    %store/vec4 v0x56341f11f260_0, 0, 32;
T_7.0 ;
    %load/vec4 v0x56341f11f260_0;
    %cmpi/s 32, 0, 32;
    %jmp/0xz T_7.1, 5;
    %pushi/vec4 0, 0, 32;
    %ix/getv/s 4, v0x56341f11f260_0;
    %store/vec4a v0x56341f11eb70, 4, 0;
    %load/vec4 v0x56341f11f260_0;
    %addi 1, 0, 32;
    %store/vec4 v0x56341f11f260_0, 0, 32;
    %jmp T_7.0;
T_7.1 ;
    %end;
    .thread T_7;
    .scope S_0x56341f11e820;
T_8 ;
    %wait E_0x56341f11e120;
    %load/vec4 v0x56341f11f6a0_0;
    %flag_set/vec4 8;
    %jmp/0xz  T_8.0, 8;
    %load/vec4 v0x56341f11f740_0;
    %load/vec4 v0x56341f11f7e0_0;
    %pad/u 7;
    %ix/vec4 3;
    %ix/load 4, 0, 0; Constant delay
    %assign/vec4/a/d v0x56341f11eb70, 0, 4;
T_8.0 ;
    %jmp T_8;
    .thread T_8;
    .scope S_0x56341f11bd50;
T_9 ;
    %wait E_0x56341f11b4c0;
    %load/vec4 v0x56341f11c050_0;
    %dup/vec4;
    %pushi/vec4 0, 0, 2;
    %cmp/u;
    %jmp/1 T_9.0, 6;
    %dup/vec4;
    %pushi/vec4 1, 0, 2;
    %cmp/u;
    %jmp/1 T_9.1, 6;
    %dup/vec4;
    %pushi/vec4 2, 0, 2;
    %cmp/u;
    %jmp/1 T_9.2, 6;
    %pushi/vec4 2, 0, 4;
    %store/vec4 v0x56341f11bf70_0, 0, 4;
    %jmp T_9.4;
T_9.0 ;
    %pushi/vec4 2, 0, 4;
    %store/vec4 v0x56341f11bf70_0, 0, 4;
    %jmp T_9.4;
T_9.1 ;
    %pushi/vec4 6, 0, 4;
    %store/vec4 v0x56341f11bf70_0, 0, 4;
    %jmp T_9.4;
T_9.2 ;
    %load/vec4 v0x56341f11c110_0;
    %dup/vec4;
    %pushi/vec4 32, 0, 6;
    %cmp/u;
    %jmp/1 T_9.5, 6;
    %dup/vec4;
    %pushi/vec4 34, 0, 6;
    %cmp/u;
    %jmp/1 T_9.6, 6;
    %dup/vec4;
    %pushi/vec4 36, 0, 6;
    %cmp/u;
    %jmp/1 T_9.7, 6;
    %dup/vec4;
    %pushi/vec4 37, 0, 6;
    %cmp/u;
    %jmp/1 T_9.8, 6;
    %dup/vec4;
    %pushi/vec4 42, 0, 6;
    %cmp/u;
    %jmp/1 T_9.9, 6;
    %pushi/vec4 0, 0, 4;
    %store/vec4 v0x56341f11bf70_0, 0, 4;
    %jmp T_9.11;
T_9.5 ;
    %pushi/vec4 2, 0, 4;
    %store/vec4 v0x56341f11bf70_0, 0, 4;
    %jmp T_9.11;
T_9.6 ;
    %pushi/vec4 6, 0, 4;
    %store/vec4 v0x56341f11bf70_0, 0, 4;
    %jmp T_9.11;
T_9.7 ;
    %pushi/vec4 0, 0, 4;
    %store/vec4 v0x56341f11bf70_0, 0, 4;
    %jmp T_9.11;
T_9.8 ;
    %pushi/vec4 1, 0, 4;
    %store/vec4 v0x56341f11bf70_0, 0, 4;
    %jmp T_9.11;
T_9.9 ;
    %pushi/vec4 7, 0, 4;
    %store/vec4 v0x56341f11bf70_0, 0, 4;
    %jmp T_9.11;
T_9.11 ;
    %pop/vec4 1;
    %jmp T_9.4;
T_9.4 ;
    %pop/vec4 1;
    %jmp T_9;
    .thread T_9, $push;
    .scope S_0x56341f11b2c0;
T_10 ;
    %wait E_0x56341f11b5a0;
    %load/vec4 v0x56341f11b980_0;
    %dup/vec4;
    %pushi/vec4 2, 0, 4;
    %cmp/u;
    %jmp/1 T_10.0, 6;
    %dup/vec4;
    %pushi/vec4 6, 0, 4;
    %cmp/u;
    %jmp/1 T_10.1, 6;
    %dup/vec4;
    %pushi/vec4 0, 0, 4;
    %cmp/u;
    %jmp/1 T_10.2, 6;
    %dup/vec4;
    %pushi/vec4 1, 0, 4;
    %cmp/u;
    %jmp/1 T_10.3, 6;
    %dup/vec4;
    %pushi/vec4 7, 0, 4;
    %cmp/u;
    %jmp/1 T_10.4, 6;
    %jmp T_10.5;
T_10.0 ;
    %load/vec4 v0x56341f11b720_0;
    %load/vec4 v0x56341f11b800_0;
    %add;
    %assign/vec4 v0x56341f11bab0_0, 0;
    %jmp T_10.5;
T_10.1 ;
    %load/vec4 v0x56341f11b720_0;
    %load/vec4 v0x56341f11b800_0;
    %sub;
    %assign/vec4 v0x56341f11bab0_0, 0;
    %jmp T_10.5;
T_10.2 ;
    %load/vec4 v0x56341f11b720_0;
    %load/vec4 v0x56341f11b800_0;
    %and;
    %assign/vec4 v0x56341f11bab0_0, 0;
    %jmp T_10.5;
T_10.3 ;
    %load/vec4 v0x56341f11b720_0;
    %load/vec4 v0x56341f11b800_0;
    %or;
    %assign/vec4 v0x56341f11bab0_0, 0;
    %jmp T_10.5;
T_10.4 ;
    %load/vec4 v0x56341f11b720_0;
    %load/vec4 v0x56341f11b800_0;
    %cmp/u;
    %flag_get/vec4 5;
    %pad/u 32;
    %assign/vec4 v0x56341f11bab0_0, 0;
    %jmp T_10.5;
T_10.5 ;
    %pop/vec4 1;
    %jmp T_10;
    .thread T_10, $push;
    .scope S_0x56341f11b080;
T_11 ;
    %vpi_call 2 340 "$display", "\012Time | State | PC       | Instr    | A_Src | B_Src | ALUOp | RegW | MemW | clock" {0 0 0};
    %vpi_call 2 341 "$display", "----------------------------------------------------------------------------------" {0 0 0};
    %end;
    .thread T_11;
    .scope S_0x56341f11b080;
T_12 ;
    %wait E_0x56341f11e120;
    %load/vec4 v0x56341f11fe80_0;
    %assign/vec4 v0x56341f11fc10_0, 0;
    %jmp T_12;
    .thread T_12;
    .scope S_0x56341f11b080;
T_13 ;
    %wait E_0x56341f11e120;
    %load/vec4 v0x56341f121580_0;
    %nor/r;
    %flag_set/vec4 8;
    %jmp/0xz  T_13.0, 8;
    %vpi_call 2 350 "$strobe", "%4t | %5d | %h | %h |   %b   |  %b   |  %b   |  %b   |  %b   |  %b", $time, v0x56341f11db80_0, v0x56341f120600_0, v0x56341f1201c0_0, v0x56341f11fcf0_0, v0x56341f11fde0_0, v0x56341f11fb70_0, v0x56341f120b90_0, v0x56341f1203d0_0, v0x56341f1211f0_0 {0 0 0};
T_13.0 ;
    %jmp T_13;
    .thread T_13;
    .scope S_0x56341f11b080;
T_14 ;
    %wait E_0x56341f11e120;
    %load/vec4 v0x56341f121580_0;
    %flag_set/vec4 8;
    %jmp/0xz  T_14.0, 8;
    %pushi/vec4 4194304, 0, 32;
    %assign/vec4 v0x56341f120600_0, 0;
    %jmp T_14.1;
T_14.0 ;
    %load/vec4 v0x56341f120860_0;
    %load/vec4 v0x56341f121710_0;
    %and;
    %flag_set/vec4 8;
    %jmp/1 T_14.4, 8;
    %load/vec4 v0x56341f120790_0;
    %flag_set/vec4 9;
    %flag_or 8, 9;
T_14.4;
    %jmp/0xz  T_14.2, 8;
    %load/vec4 v0x56341f121290_0;
    %assign/vec4 v0x56341f120600_0, 0;
T_14.2 ;
T_14.1 ;
    %jmp T_14;
    .thread T_14;
    .scope S_0x56341f11b080;
T_15 ;
    %wait E_0x56341f11e120;
    %load/vec4 v0x56341f1200f0_0;
    %flag_set/vec4 8;
    %jmp/0xz  T_15.0, 8;
    %load/vec4 v0x56341f1204c0_0;
    %assign/vec4 v0x56341f1201c0_0, 0;
T_15.0 ;
    %jmp T_15;
    .thread T_15;
    .scope S_0x56341f11b080;
T_16 ;
    %wait E_0x56341f100200;
    %load/vec4 v0x56341f11fde0_0;
    %dup/vec4;
    %pushi/vec4 0, 0, 2;
    %cmp/u;
    %jmp/1 T_16.0, 6;
    %dup/vec4;
    %pushi/vec4 1, 0, 2;
    %cmp/u;
    %jmp/1 T_16.1, 6;
    %dup/vec4;
    %pushi/vec4 2, 0, 2;
    %cmp/u;
    %jmp/1 T_16.2, 6;
    %dup/vec4;
    %pushi/vec4 3, 0, 2;
    %cmp/u;
    %jmp/1 T_16.3, 6;
    %pushi/vec4 0, 0, 32;
    %store/vec4 v0x56341f120020_0, 0, 32;
    %jmp T_16.5;
T_16.0 ;
    %load/vec4 v0x56341f120a00_0;
    %store/vec4 v0x56341f120020_0, 0, 32;
    %jmp T_16.5;
T_16.1 ;
    %pushi/vec4 4, 0, 32;
    %store/vec4 v0x56341f120020_0, 0, 32;
    %jmp T_16.5;
T_16.2 ;
    %load/vec4 v0x56341f121650_0;
    %store/vec4 v0x56341f120020_0, 0, 32;
    %jmp T_16.5;
T_16.3 ;
    %load/vec4 v0x56341f121650_0;
    %ix/load 4, 2, 0;
    %flag_set/imm 4, 0;
    %shiftl 4;
    %store/vec4 v0x56341f120020_0, 0, 32;
    %jmp T_16.5;
T_16.5 ;
    %pop/vec4 1;
    %jmp T_16;
    .thread T_16, $push;
    .scope S_0x56341f11b080;
T_17 ;
    %wait E_0x56341f1001c0;
    %load/vec4 v0x56341f1206a0_0;
    %dup/vec4;
    %pushi/vec4 0, 0, 2;
    %cmp/u;
    %jmp/1 T_17.0, 6;
    %dup/vec4;
    %pushi/vec4 1, 0, 2;
    %cmp/u;
    %jmp/1 T_17.1, 6;
    %dup/vec4;
    %pushi/vec4 2, 0, 2;
    %cmp/u;
    %jmp/1 T_17.2, 6;
    %load/vec4 v0x56341f11fe80_0;
    %store/vec4 v0x56341f121290_0, 0, 32;
    %jmp T_17.4;
T_17.0 ;
    %load/vec4 v0x56341f11fe80_0;
    %store/vec4 v0x56341f121290_0, 0, 32;
    %jmp T_17.4;
T_17.1 ;
    %load/vec4 v0x56341f11fc10_0;
    %store/vec4 v0x56341f121290_0, 0, 32;
    %jmp T_17.4;
T_17.2 ;
    %load/vec4 v0x56341f120600_0;
    %parti/s 4, 28, 6;
    %load/vec4 v0x56341f1201c0_0;
    %parti/s 26, 0, 2;
    %concat/vec4; draw_concat_vec4
    %concati/vec4 0, 0, 2;
    %store/vec4 v0x56341f121290_0, 0, 32;
    %jmp T_17.4;
T_17.4 ;
    %pop/vec4 1;
    %jmp T_17;
    .thread T_17, $push;
    .scope S_0x56341f0ebda0;
T_18 ;
    %delay 5, 0;
    %load/vec4 v0x56341f121820_0;
    %inv;
    %store/vec4 v0x56341f121820_0, 0, 1;
    %jmp T_18;
    .thread T_18;
    .scope S_0x56341f0ebda0;
T_19 ;
    %pushi/vec4 0, 0, 1;
    %store/vec4 v0x56341f121820_0, 0, 1;
    %pushi/vec4 1, 0, 1;
    %store/vec4 v0x56341f1218c0_0, 0, 1;
    %delay 15, 0;
    %pushi/vec4 0, 0, 1;
    %store/vec4 v0x56341f1218c0_0, 0, 1;
    %delay 2000, 0;
    %vpi_call 2 447 "$display", "Simulation finished. Check the trace above." {0 0 0};
    %vpi_call 2 448 "$finish" {0 0 0};
    %end;
    .thread T_19;
# The file index is used to find the file name in the following table.
:file_names 3;
    "N/A";
    "<interactive>";
    "Computer.v";
